2022-05-23_01-35-41 [main] INFO  o.s.b.t.c.SpringBootTestContextBootstrapper - Neither @ContextConfiguration nor @ContextHierarchy found for test class [com.pms.pension.disbursement.controller.PensionDisbursementControllerMethodTest], using SpringBootContextLoader
2022-05-23_01-35-41 [main] INFO  o.s.t.c.s.AbstractContextLoader - Could not detect default resource locations for test class [com.pms.pension.disbursement.controller.PensionDisbursementControllerMethodTest]: no resource found for suffixes {-context.xml, Context.groovy}.
2022-05-23_01-35-41 [main] INFO  o.s.t.c.s.AnnotationConfigContextLoaderUtils - Could not detect default configuration classes for test class [com.pms.pension.disbursement.controller.PensionDisbursementControllerMethodTest]: PensionDisbursementControllerMethodTest does not declare any static, non-private, non-final, nested classes annotated with @Configuration.
2022-05-23_01-35-41 [main] INFO  o.s.b.t.c.SpringBootTestContextBootstrapper - Found @SpringBootConfiguration com.pms.pension.disbursement.PensionDisbursementMicroserviceApplication for test class com.pms.pension.disbursement.controller.PensionDisbursementControllerMethodTest
2022-05-23_01-35-41 [main] INFO  o.s.b.t.c.SpringBootTestContextBootstrapper - Loaded default TestExecutionListener class names from location [META-INF/spring.factories]: [org.springframework.boot.test.mock.mockito.MockitoTestExecutionListener, org.springframework.boot.test.mock.mockito.ResetMocksTestExecutionListener, org.springframework.boot.test.autoconfigure.restdocs.RestDocsTestExecutionListener, org.springframework.boot.test.autoconfigure.web.client.MockRestServiceServerResetTestExecutionListener, org.springframework.boot.test.autoconfigure.web.servlet.MockMvcPrintOnlyOnFailureTestExecutionListener, org.springframework.boot.test.autoconfigure.web.servlet.WebDriverTestExecutionListener, org.springframework.boot.test.autoconfigure.webservices.client.MockWebServiceServerTestExecutionListener, org.springframework.test.context.web.ServletTestExecutionListener, org.springframework.test.context.support.DirtiesContextBeforeModesTestExecutionListener, org.springframework.test.context.event.ApplicationEventsTestExecutionListener, org.springframework.test.context.support.DependencyInjectionTestExecutionListener, org.springframework.test.context.support.DirtiesContextTestExecutionListener, org.springframework.test.context.transaction.TransactionalTestExecutionListener, org.springframework.test.context.jdbc.SqlScriptsTestExecutionListener, org.springframework.test.context.event.EventPublishingTestExecutionListener]
2022-05-23_01-35-41 [main] INFO  o.s.b.t.c.SpringBootTestContextBootstrapper - Using TestExecutionListeners: [org.springframework.test.context.web.ServletTestExecutionListener@b5cc23a, org.springframework.test.context.support.DirtiesContextBeforeModesTestExecutionListener@5cc5b667, org.springframework.test.context.event.ApplicationEventsTestExecutionListener@61edc883, org.springframework.boot.test.mock.mockito.MockitoTestExecutionListener@758f4f03, org.springframework.boot.test.autoconfigure.SpringBootDependencyInjectionTestExecutionListener@182f1e9a, org.springframework.test.context.support.DirtiesContextTestExecutionListener@6928f576, org.springframework.test.context.event.EventPublishingTestExecutionListener@660e9100, org.springframework.boot.test.mock.mockito.ResetMocksTestExecutionListener@69f63d95, org.springframework.boot.test.autoconfigure.restdocs.RestDocsTestExecutionListener@9cd25ff, org.springframework.boot.test.autoconfigure.web.client.MockRestServiceServerResetTestExecutionListener@27e0f2f5, org.springframework.boot.test.autoconfigure.web.servlet.MockMvcPrintOnlyOnFailureTestExecutionListener@3574e198, org.springframework.boot.test.autoconfigure.web.servlet.WebDriverTestExecutionListener@6db66836, org.springframework.boot.test.autoconfigure.webservices.client.MockWebServiceServerTestExecutionListener@db44aa2]
2022-05-23_01-35-42 [background-preinit] INFO  o.h.validator.internal.util.Version - HV000001: Hibernate Validator 6.1.7.Final
2022-05-23_01-35-42 [main] INFO  c.p.p.d.c.PensionDisbursementControllerMethodTest - Starting PensionDisbursementControllerMethodTest using Java 15.0.2 on LAPTOP-99L8IUMB with PID 17664 (started by KRITHIGA in G:\Spring and Angular\pms-springboot-microservices\pms-pensiondisbursement-microservice)
2022-05-23_01-35-42 [main] INFO  c.p.p.d.c.PensionDisbursementControllerMethodTest - No active profile set, falling back to default profiles: default
2022-05-23_01-35-42 [main] INFO  o.s.cloud.context.scope.GenericScope - BeanFactory id=8b3ce7d6-6aa4-35f5-a0c1-791e7d421a6c
2022-05-23_01-35-42 [main] INFO  o.s.s.c.ThreadPoolTaskExecutor - Initializing ExecutorService 'applicationTaskExecutor'
2022-05-23_01-35-42 [main] INFO  o.s.b.a.e.web.EndpointLinksResolver - Exposing 2 endpoint(s) beneath base path '/actuator'
2022-05-23_01-35-42 [main] INFO  c.p.p.d.c.PensionDisbursementControllerMethodTest - Started PensionDisbursementControllerMethodTest in 3.839 seconds (JVM running for 5.247)
2022-05-23_01-35-42 [main] INFO  o.s.b.t.c.SpringBootTestContextBootstrapper - Neither @ContextConfiguration nor @ContextHierarchy found for test class [com.pms.pension.disbursement.controller.PensionDisbursementControllerTest], using SpringBootContextLoader
2022-05-23_01-35-42 [main] INFO  o.s.t.c.s.AbstractContextLoader - Could not detect default resource locations for test class [com.pms.pension.disbursement.controller.PensionDisbursementControllerTest]: no resource found for suffixes {-context.xml, Context.groovy}.
2022-05-23_01-35-42 [main] INFO  o.s.t.c.s.AnnotationConfigContextLoaderUtils - Could not detect default configuration classes for test class [com.pms.pension.disbursement.controller.PensionDisbursementControllerTest]: PensionDisbursementControllerTest does not declare any static, non-private, non-final, nested classes annotated with @Configuration.
2022-05-23_01-35-42 [main] INFO  o.s.b.t.c.SpringBootTestContextBootstrapper - Found @SpringBootConfiguration com.pms.pension.disbursement.PensionDisbursementMicroserviceApplication for test class com.pms.pension.disbursement.controller.PensionDisbursementControllerTest
2022-05-23_01-35-42 [main] INFO  o.s.b.t.c.SpringBootTestContextBootstrapper - Loaded default TestExecutionListener class names from location [META-INF/spring.factories]: [org.springframework.boot.test.mock.mockito.MockitoTestExecutionListener, org.springframework.boot.test.mock.mockito.ResetMocksTestExecutionListener, org.springframework.boot.test.autoconfigure.restdocs.RestDocsTestExecutionListener, org.springframework.boot.test.autoconfigure.web.client.MockRestServiceServerResetTestExecutionListener, org.springframework.boot.test.autoconfigure.web.servlet.MockMvcPrintOnlyOnFailureTestExecutionListener, org.springframework.boot.test.autoconfigure.web.servlet.WebDriverTestExecutionListener, org.springframework.boot.test.autoconfigure.webservices.client.MockWebServiceServerTestExecutionListener, org.springframework.test.context.web.ServletTestExecutionListener, org.springframework.test.context.support.DirtiesContextBeforeModesTestExecutionListener, org.springframework.test.context.event.ApplicationEventsTestExecutionListener, org.springframework.test.context.support.DependencyInjectionTestExecutionListener, org.springframework.test.context.support.DirtiesContextTestExecutionListener, org.springframework.test.context.transaction.TransactionalTestExecutionListener, org.springframework.test.context.jdbc.SqlScriptsTestExecutionListener, org.springframework.test.context.event.EventPublishingTestExecutionListener]
2022-05-23_01-35-42 [main] INFO  o.s.b.t.c.SpringBootTestContextBootstrapper - Using TestExecutionListeners: [org.springframework.test.context.web.ServletTestExecutionListener@43f99817, org.springframework.test.context.support.DirtiesContextBeforeModesTestExecutionListener@2a2798a2, org.springframework.test.context.event.ApplicationEventsTestExecutionListener@2b9ecd05, org.springframework.boot.test.mock.mockito.MockitoTestExecutionListener@31f1b268, org.springframework.boot.test.autoconfigure.SpringBootDependencyInjectionTestExecutionListener@3ec7ad61, org.springframework.test.context.support.DirtiesContextTestExecutionListener@2833c093, org.springframework.test.context.event.EventPublishingTestExecutionListener@7598d675, org.springframework.boot.test.mock.mockito.ResetMocksTestExecutionListener@4946485c, org.springframework.boot.test.autoconfigure.restdocs.RestDocsTestExecutionListener@4ae958b0, org.springframework.boot.test.autoconfigure.web.client.MockRestServiceServerResetTestExecutionListener@7c682e26, org.springframework.boot.test.autoconfigure.web.servlet.MockMvcPrintOnlyOnFailureTestExecutionListener@4ff074a0, org.springframework.boot.test.autoconfigure.web.servlet.WebDriverTestExecutionListener@340fc1aa, org.springframework.boot.test.autoconfigure.webservices.client.MockWebServiceServerTestExecutionListener@34a33343]
2022-05-23_01-35-46 [main] INFO  c.p.p.d.c.PensionDisbursementControllerTest - Starting PensionDisbursementControllerTest using Java 15.0.2 on LAPTOP-99L8IUMB with PID 17664 (started by KRITHIGA in G:\Spring and Angular\pms-springboot-microservices\pms-pensiondisbursement-microservice)
2022-05-23_01-35-46 [main] INFO  c.p.p.d.c.PensionDisbursementControllerTest - No active profile set, falling back to default profiles: default
2022-05-23_01-35-46 [main] INFO  o.s.cloud.context.scope.GenericScope - BeanFactory id=0a1ac3d6-1f59-3242-bbc8-5dc638766e6f
2022-05-23_01-35-46 [main] INFO  o.s.s.c.ThreadPoolTaskExecutor - Initializing ExecutorService 'applicationTaskExecutor'
2022-05-23_01-35-46 [main] INFO  o.s.b.t.m.w.SpringBootMockServletContext - Initializing Spring TestDispatcherServlet ''
2022-05-23_01-35-46 [main] INFO  o.s.t.w.s.TestDispatcherServlet - Initializing Servlet ''
2022-05-23_01-35-46 [main] INFO  o.s.b.a.e.web.EndpointLinksResolver - Exposing 2 endpoint(s) beneath base path '/actuator'
2022-05-23_01-35-46 [main] INFO  o.s.t.w.s.TestDispatcherServlet - Completed initialization in 20 ms
2022-05-23_01-35-46 [main] INFO  c.p.p.d.c.PensionDisbursementControllerTest - Started PensionDisbursementControllerTest in 1.276 seconds (JVM running for 6.862)
2022-05-23_01-35-46 [main] INFO  o.s.b.t.c.SpringBootTestContextBootstrapper - Neither @ContextConfiguration nor @ContextHierarchy found for test class [com.pms.pension.disbursement.exception.PensionDisbursementExceptionTest], using SpringBootContextLoader
2022-05-23_01-35-46 [main] INFO  o.s.t.c.s.AbstractContextLoader - Could not detect default resource locations for test class [com.pms.pension.disbursement.exception.PensionDisbursementExceptionTest]: no resource found for suffixes {-context.xml, Context.groovy}.
2022-05-23_01-35-46 [main] INFO  o.s.t.c.s.AnnotationConfigContextLoaderUtils - Could not detect default configuration classes for test class [com.pms.pension.disbursement.exception.PensionDisbursementExceptionTest]: PensionDisbursementExceptionTest does not declare any static, non-private, non-final, nested classes annotated with @Configuration.
2022-05-23_01-35-46 [main] INFO  o.s.b.t.c.SpringBootTestContextBootstrapper - Found @SpringBootConfiguration com.pms.pension.disbursement.PensionDisbursementMicroserviceApplication for test class com.pms.pension.disbursement.exception.PensionDisbursementExceptionTest
2022-05-23_01-35-46 [main] INFO  o.s.b.t.c.SpringBootTestContextBootstrapper - Loaded default TestExecutionListener class names from location [META-INF/spring.factories]: [org.springframework.boot.test.mock.mockito.MockitoTestExecutionListener, org.springframework.boot.test.mock.mockito.ResetMocksTestExecutionListener, org.springframework.boot.test.autoconfigure.restdocs.RestDocsTestExecutionListener, org.springframework.boot.test.autoconfigure.web.client.MockRestServiceServerResetTestExecutionListener, org.springframework.boot.test.autoconfigure.web.servlet.MockMvcPrintOnlyOnFailureTestExecutionListener, org.springframework.boot.test.autoconfigure.web.servlet.WebDriverTestExecutionListener, org.springframework.boot.test.autoconfigure.webservices.client.MockWebServiceServerTestExecutionListener, org.springframework.test.context.web.ServletTestExecutionListener, org.springframework.test.context.support.DirtiesContextBeforeModesTestExecutionListener, org.springframework.test.context.event.ApplicationEventsTestExecutionListener, org.springframework.test.context.support.DependencyInjectionTestExecutionListener, org.springframework.test.context.support.DirtiesContextTestExecutionListener, org.springframework.test.context.transaction.TransactionalTestExecutionListener, org.springframework.test.context.jdbc.SqlScriptsTestExecutionListener, org.springframework.test.context.event.EventPublishingTestExecutionListener]
2022-05-23_01-35-46 [main] INFO  o.s.b.t.c.SpringBootTestContextBootstrapper - Using TestExecutionListeners: [org.springframework.test.context.web.ServletTestExecutionListener@391e5ffa, org.springframework.test.context.support.DirtiesContextBeforeModesTestExecutionListener@f4d391c, org.springframework.test.context.event.ApplicationEventsTestExecutionListener@470b5213, org.springframework.boot.test.mock.mockito.MockitoTestExecutionListener@2fa2143d, org.springframework.boot.test.autoconfigure.SpringBootDependencyInjectionTestExecutionListener@64887fbc, org.springframework.test.context.support.DirtiesContextTestExecutionListener@26b3fe8, org.springframework.test.context.event.EventPublishingTestExecutionListener@1f6d7e7c, org.springframework.boot.test.mock.mockito.ResetMocksTestExecutionListener@20518250, org.springframework.boot.test.autoconfigure.restdocs.RestDocsTestExecutionListener@7836c79, org.springframework.boot.test.autoconfigure.web.client.MockRestServiceServerResetTestExecutionListener@5ccc971e, org.springframework.boot.test.autoconfigure.web.servlet.MockMvcPrintOnlyOnFailureTestExecutionListener@28269c65, org.springframework.boot.test.autoconfigure.web.servlet.WebDriverTestExecutionListener@4c9d833, org.springframework.boot.test.autoconfigure.webservices.client.MockWebServiceServerTestExecutionListener@18b58c77]
2022-05-23_01-35-48 [main] INFO  c.p.p.d.e.PensionDisbursementExceptionTest - Starting PensionDisbursementExceptionTest using Java 15.0.2 on LAPTOP-99L8IUMB with PID 17664 (started by KRITHIGA in G:\Spring and Angular\pms-springboot-microservices\pms-pensiondisbursement-microservice)
2022-05-23_01-35-48 [main] INFO  c.p.p.d.e.PensionDisbursementExceptionTest - No active profile set, falling back to default profiles: default
2022-05-23_01-35-48 [main] INFO  o.s.cloud.context.scope.GenericScope - BeanFactory id=8b3ce7d6-6aa4-35f5-a0c1-791e7d421a6c
2022-05-23_01-35-48 [main] INFO  o.s.c.s.PostProcessorRegistrationDelegate$BeanPostProcessorChecker - Bean 'com.pms.pension.disbursement.feignclient.AuthorisingClient' of type [org.springframework.cloud.openfeign.FeignClientFactoryBean] is not eligible for getting processed by all BeanPostProcessors (for example: not eligible for auto-proxying)
2022-05-23_01-35-48 [main] INFO  o.s.c.s.PostProcessorRegistrationDelegate$BeanPostProcessorChecker - Bean 'com.pms.pension.disbursement.feignclient.PensionDisbursementFeignClient' of type [org.springframework.cloud.openfeign.FeignClientFactoryBean] is not eligible for getting processed by all BeanPostProcessors (for example: not eligible for auto-proxying)
2022-05-23_01-35-48 [main] INFO  o.s.s.c.ThreadPoolTaskExecutor - Initializing ExecutorService 'applicationTaskExecutor'
2022-05-23_01-35-48 [main] INFO  o.s.b.a.e.web.EndpointLinksResolver - Exposing 2 endpoint(s) beneath base path '/actuator'
2022-05-23_01-35-48 [main] INFO  c.p.p.d.e.PensionDisbursementExceptionTest - Started PensionDisbursementExceptionTest in 1.696 seconds (JVM running for 8.89)
2022-05-23_01-35-48 [main] INFO  o.s.b.t.c.SpringBootTestContextBootstrapper - Neither @ContextConfiguration nor @ContextHierarchy found for test class [com.pms.pension.disbursement.PensionDisbursementMicroserviceApplicationTests], using SpringBootContextLoader
2022-05-23_01-35-48 [main] INFO  o.s.t.c.s.AbstractContextLoader - Could not detect default resource locations for test class [com.pms.pension.disbursement.PensionDisbursementMicroserviceApplicationTests]: no resource found for suffixes {-context.xml, Context.groovy}.
2022-05-23_01-35-48 [main] INFO  o.s.t.c.s.AnnotationConfigContextLoaderUtils - Could not detect default configuration classes for test class [com.pms.pension.disbursement.PensionDisbursementMicroserviceApplicationTests]: PensionDisbursementMicroserviceApplicationTests does not declare any static, non-private, non-final, nested classes annotated with @Configuration.
2022-05-23_01-35-48 [main] INFO  o.s.b.t.c.SpringBootTestContextBootstrapper - Found @SpringBootConfiguration com.pms.pension.disbursement.PensionDisbursementMicroserviceApplication for test class com.pms.pension.disbursement.PensionDisbursementMicroserviceApplicationTests
2022-05-23_01-35-48 [main] INFO  o.s.b.t.c.SpringBootTestContextBootstrapper - Loaded default TestExecutionListener class names from location [META-INF/spring.factories]: [org.springframework.boot.test.mock.mockito.MockitoTestExecutionListener, org.springframework.boot.test.mock.mockito.ResetMocksTestExecutionListener, org.springframework.boot.test.autoconfigure.restdocs.RestDocsTestExecutionListener, org.springframework.boot.test.autoconfigure.web.client.MockRestServiceServerResetTestExecutionListener, org.springframework.boot.test.autoconfigure.web.servlet.MockMvcPrintOnlyOnFailureTestExecutionListener, org.springframework.boot.test.autoconfigure.web.servlet.WebDriverTestExecutionListener, org.springframework.boot.test.autoconfigure.webservices.client.MockWebServiceServerTestExecutionListener, org.springframework.test.context.web.ServletTestExecutionListener, org.springframework.test.context.support.DirtiesContextBeforeModesTestExecutionListener, org.springframework.test.context.event.ApplicationEventsTestExecutionListener, org.springframework.test.context.support.DependencyInjectionTestExecutionListener, org.springframework.test.context.support.DirtiesContextTestExecutionListener, org.springframework.test.context.transaction.TransactionalTestExecutionListener, org.springframework.test.context.jdbc.SqlScriptsTestExecutionListener, org.springframework.test.context.event.EventPublishingTestExecutionListener]
2022-05-23_01-35-48 [main] INFO  o.s.b.t.c.SpringBootTestContextBootstrapper - Using TestExecutionListeners: [org.springframework.test.context.web.ServletTestExecutionListener@1a390b8c, org.springframework.test.context.support.DirtiesContextBeforeModesTestExecutionListener@337eeceb, org.springframework.test.context.event.ApplicationEventsTestExecutionListener@237d0625, org.springframework.boot.test.mock.mockito.MockitoTestExecutionListener@1a5a4f8, org.springframework.boot.test.autoconfigure.SpringBootDependencyInjectionTestExecutionListener@5392aa2b, org.springframework.test.context.support.DirtiesContextTestExecutionListener@174f0d06, org.springframework.test.context.event.EventPublishingTestExecutionListener@5cc87de4, org.springframework.boot.test.mock.mockito.ResetMocksTestExecutionListener@706690e1, org.springframework.boot.test.autoconfigure.restdocs.RestDocsTestExecutionListener@3663af34, org.springframework.boot.test.autoconfigure.web.client.MockRestServiceServerResetTestExecutionListener@59aba3c3, org.springframework.boot.test.autoconfigure.web.servlet.MockMvcPrintOnlyOnFailureTestExecutionListener@4693d24f, org.springframework.boot.test.autoconfigure.web.servlet.WebDriverTestExecutionListener@236a3e4, org.springframework.boot.test.autoconfigure.webservices.client.MockWebServiceServerTestExecutionListener@2987b699]
2022-05-23_01-35-50 [main] INFO  c.p.p.d.PensionDisbursementMicroserviceApplication - Starting PensionDisbursementMicroserviceApplication using Java 15.0.2 on LAPTOP-99L8IUMB with PID 17664 (started by KRITHIGA in G:\Spring and Angular\pms-springboot-microservices\pms-pensiondisbursement-microservice)
2022-05-23_01-35-50 [main] INFO  c.p.p.d.PensionDisbursementMicroserviceApplication - No active profile set, falling back to default profiles: default
2022-05-23_01-35-50 [main] INFO  o.s.cloud.context.scope.GenericScope - BeanFactory id=efbd6c7b-971f-3a2a-8be2-ebaabfca8960
2022-05-23_01-35-50 [main] INFO  o.s.c.s.PostProcessorRegistrationDelegate$BeanPostProcessorChecker - Bean 'com.pms.pension.disbursement.feignclient.AuthorisingClient' of type [org.springframework.cloud.openfeign.FeignClientFactoryBean] is not eligible for getting processed by all BeanPostProcessors (for example: not eligible for auto-proxying)
2022-05-23_01-35-50 [main] INFO  o.s.c.s.PostProcessorRegistrationDelegate$BeanPostProcessorChecker - Bean 'com.pms.pension.disbursement.feignclient.PensionDisbursementFeignClient' of type [org.springframework.cloud.openfeign.FeignClientFactoryBean] is not eligible for getting processed by all BeanPostProcessors (for example: not eligible for auto-proxying)
2022-05-23_01-35-50 [main] INFO  o.s.b.w.e.tomcat.TomcatWebServer - Tomcat initialized with port(s): 8300 (http)
2022-05-23_01-35-50 [main] INFO  o.a.coyote.http11.Http11NioProtocol - Initializing ProtocolHandler ["http-nio-8300"]
2022-05-23_01-35-50 [main] INFO  o.a.catalina.core.StandardService - Starting service [Tomcat]
2022-05-23_01-35-50 [main] INFO  o.a.catalina.core.StandardEngine - Starting Servlet engine: [Apache Tomcat/9.0.41]
2022-05-23_01-35-50 [main] INFO  o.a.c.c.C.[.[.[/disbursement] - Initializing Spring embedded WebApplicationContext
2022-05-23_01-35-50 [main] INFO  o.s.b.w.s.c.ServletWebServerApplicationContext - Root WebApplicationContext: initialization completed in 813 ms
2022-05-23_01-35-50 [main] INFO  o.s.s.c.ThreadPoolTaskExecutor - Initializing ExecutorService 'applicationTaskExecutor'
2022-05-23_01-35-50 [main] INFO  o.s.b.a.e.web.EndpointLinksResolver - Exposing 2 endpoint(s) beneath base path '/actuator'
2022-05-23_01-35-50 [main] INFO  o.a.coyote.http11.Http11NioProtocol - Starting ProtocolHandler ["http-nio-8300"]
2022-05-23_01-35-50 [main] INFO  o.s.b.w.e.tomcat.TomcatWebServer - Tomcat started on port(s): 8300 (http) with context path '/disbursement'
2022-05-23_01-35-50 [main] INFO  c.p.p.d.PensionDisbursementMicroserviceApplication - Started PensionDisbursementMicroserviceApplication in 1.551 seconds (JVM running for 10.691)
2022-05-23_01-35-50 [main] INFO  o.s.b.t.c.SpringBootTestContextBootstrapper - Neither @ContextConfiguration nor @ContextHierarchy found for test class [com.pms.pension.disbursement.service.PensionDisbursementServiceTest], using SpringBootContextLoader
2022-05-23_01-35-50 [main] INFO  o.s.t.c.s.AbstractContextLoader - Could not detect default resource locations for test class [com.pms.pension.disbursement.service.PensionDisbursementServiceTest]: no resource found for suffixes {-context.xml, Context.groovy}.
2022-05-23_01-35-50 [main] INFO  o.s.t.c.s.AnnotationConfigContextLoaderUtils - Could not detect default configuration classes for test class [com.pms.pension.disbursement.service.PensionDisbursementServiceTest]: PensionDisbursementServiceTest does not declare any static, non-private, non-final, nested classes annotated with @Configuration.
2022-05-23_01-35-50 [main] INFO  o.s.b.t.c.SpringBootTestContextBootstrapper - Found @SpringBootConfiguration com.pms.pension.disbursement.PensionDisbursementMicroserviceApplication for test class com.pms.pension.disbursement.service.PensionDisbursementServiceTest
2022-05-23_01-35-50 [main] INFO  o.s.b.t.c.SpringBootTestContextBootstrapper - Loaded default TestExecutionListener class names from location [META-INF/spring.factories]: [org.springframework.boot.test.mock.mockito.MockitoTestExecutionListener, org.springframework.boot.test.mock.mockito.ResetMocksTestExecutionListener, org.springframework.boot.test.autoconfigure.restdocs.RestDocsTestExecutionListener, org.springframework.boot.test.autoconfigure.web.client.MockRestServiceServerResetTestExecutionListener, org.springframework.boot.test.autoconfigure.web.servlet.MockMvcPrintOnlyOnFailureTestExecutionListener, org.springframework.boot.test.autoconfigure.web.servlet.WebDriverTestExecutionListener, org.springframework.boot.test.autoconfigure.webservices.client.MockWebServiceServerTestExecutionListener, org.springframework.test.context.web.ServletTestExecutionListener, org.springframework.test.context.support.DirtiesContextBeforeModesTestExecutionListener, org.springframework.test.context.event.ApplicationEventsTestExecutionListener, org.springframework.test.context.support.DependencyInjectionTestExecutionListener, org.springframework.test.context.support.DirtiesContextTestExecutionListener, org.springframework.test.context.transaction.TransactionalTestExecutionListener, org.springframework.test.context.jdbc.SqlScriptsTestExecutionListener, org.springframework.test.context.event.EventPublishingTestExecutionListener]
2022-05-23_01-35-50 [main] INFO  o.s.b.t.c.SpringBootTestContextBootstrapper - Using TestExecutionListeners: [org.springframework.test.context.web.ServletTestExecutionListener@45689582, org.springframework.test.context.support.DirtiesContextBeforeModesTestExecutionListener@73db1a6, org.springframework.test.context.event.ApplicationEventsTestExecutionListener@12a7515b, org.springframework.boot.test.mock.mockito.MockitoTestExecutionListener@2c28654e, org.springframework.boot.test.autoconfigure.SpringBootDependencyInjectionTestExecutionListener@2ded31cc, org.springframework.test.context.support.DirtiesContextTestExecutionListener@47b71556, org.springframework.test.context.event.EventPublishingTestExecutionListener@6fb2b972, org.springframework.boot.test.mock.mockito.ResetMocksTestExecutionListener@5fa3df, org.springframework.boot.test.autoconfigure.restdocs.RestDocsTestExecutionListener@44f88149, org.springframework.boot.test.autoconfigure.web.client.MockRestServiceServerResetTestExecutionListener@3b1a3125, org.springframework.boot.test.autoconfigure.web.servlet.MockMvcPrintOnlyOnFailureTestExecutionListener@4199761d, org.springframework.boot.test.autoconfigure.web.servlet.WebDriverTestExecutionListener@3ca564aa, org.springframework.boot.test.autoconfigure.webservices.client.MockWebServiceServerTestExecutionListener@3cd758be]
2022-05-23_01-35-50 [SpringContextShutdownHook] INFO  o.s.s.c.ThreadPoolTaskExecutor - Shutting down ExecutorService 'applicationTaskExecutor'
2022-05-23_01-35-50 [SpringContextShutdownHook] INFO  o.s.s.c.ThreadPoolTaskExecutor - Shutting down ExecutorService 'applicationTaskExecutor'
2022-05-23_01-35-50 [SpringContextShutdownHook] INFO  o.s.s.c.ThreadPoolTaskExecutor - Shutting down ExecutorService 'applicationTaskExecutor'
2022-05-23_01-35-50 [SpringContextShutdownHook] INFO  o.s.s.c.ThreadPoolTaskExecutor - Shutting down ExecutorService 'applicationTaskExecutor'
2022-05-23_02-57-27 [background-preinit] INFO  o.h.validator.internal.util.Version - HV000001: Hibernate Validator 6.1.7.Final
2022-05-23_02-57-27 [restartedMain] INFO  c.p.p.d.PensionDisbursementMicroserviceApplication - Starting PensionDisbursementMicroserviceApplication using Java 15.0.2 on LAPTOP-99L8IUMB with PID 6820 (G:\Spring and Angular\pms-springboot-microservices\pms-pensiondisbursement-microservice\target\classes started by KRITHIGA in G:\Spring and Angular\pms-springboot-microservices\pms-pensiondisbursement-microservice)
2022-05-23_02-57-27 [restartedMain] INFO  c.p.p.d.PensionDisbursementMicroserviceApplication - No active profile set, falling back to default profiles: default
2022-05-23_02-57-27 [restartedMain] INFO  o.s.b.d.e.DevToolsPropertyDefaultsPostProcessor - Devtools property defaults active! Set 'spring.devtools.add-properties' to 'false' to disable
2022-05-23_02-57-27 [restartedMain] INFO  o.s.b.d.e.DevToolsPropertyDefaultsPostProcessor - For additional web related logging consider setting the 'logging.level.web' property to 'DEBUG'
2022-05-23_02-57-27 [restartedMain] INFO  o.s.cloud.context.scope.GenericScope - BeanFactory id=3508d6e1-f30f-3580-9168-a3cd562d95e8
2022-05-23_02-57-27 [restartedMain] INFO  o.s.c.s.PostProcessorRegistrationDelegate$BeanPostProcessorChecker - Bean 'com.pms.pension.disbursement.feignclient.AuthorisingClient' of type [org.springframework.cloud.openfeign.FeignClientFactoryBean] is not eligible for getting processed by all BeanPostProcessors (for example: not eligible for auto-proxying)
2022-05-23_02-57-27 [restartedMain] INFO  o.s.c.s.PostProcessorRegistrationDelegate$BeanPostProcessorChecker - Bean 'com.pms.pension.disbursement.feignclient.PensionDisbursementFeignClient' of type [org.springframework.cloud.openfeign.FeignClientFactoryBean] is not eligible for getting processed by all BeanPostProcessors (for example: not eligible for auto-proxying)
2022-05-23_02-57-27 [restartedMain] INFO  o.s.b.w.e.tomcat.TomcatWebServer - Tomcat initialized with port(s): 8300 (http)
2022-05-23_02-57-27 [restartedMain] INFO  o.a.coyote.http11.Http11NioProtocol - Initializing ProtocolHandler ["http-nio-8300"]
2022-05-23_02-57-27 [restartedMain] INFO  o.a.catalina.core.StandardService - Starting service [Tomcat]
2022-05-23_02-57-27 [restartedMain] INFO  o.a.catalina.core.StandardEngine - Starting Servlet engine: [Apache Tomcat/9.0.41]
2022-05-23_02-57-27 [restartedMain] INFO  o.a.c.c.C.[.[.[/disbursement] - Initializing Spring embedded WebApplicationContext
2022-05-23_02-57-27 [restartedMain] INFO  o.s.b.w.s.c.ServletWebServerApplicationContext - Root WebApplicationContext: initialization completed in 2565 ms
2022-05-23_02-57-27 [restartedMain] INFO  o.s.s.c.ThreadPoolTaskExecutor - Initializing ExecutorService 'applicationTaskExecutor'
2022-05-23_02-57-27 [restartedMain] INFO  o.s.b.a.e.web.EndpointLinksResolver - Exposing 2 endpoint(s) beneath base path '/actuator'
2022-05-23_02-57-27 [restartedMain] INFO  o.a.coyote.http11.Http11NioProtocol - Starting ProtocolHandler ["http-nio-8300"]
2022-05-23_02-57-27 [restartedMain] INFO  o.s.b.w.e.tomcat.TomcatWebServer - Tomcat started on port(s): 8300 (http) with context path '/disbursement'
2022-05-23_02-57-27 [restartedMain] INFO  c.p.p.d.PensionDisbursementMicroserviceApplication - Started PensionDisbursementMicroserviceApplication in 4.544 seconds (JVM running for 5.594)
2022-05-23_02-57-27 [http-nio-8300-exec-1] INFO  o.a.c.c.C.[.[.[/disbursement] - Initializing Spring DispatcherServlet 'dispatcherServlet'
2022-05-23_02-57-27 [http-nio-8300-exec-1] INFO  o.s.web.servlet.DispatcherServlet - Initializing Servlet 'dispatcherServlet'
2022-05-23_02-57-27 [http-nio-8300-exec-1] INFO  o.s.web.servlet.DispatcherServlet - Completed initialization in 18 ms
2022-05-23_10-53-39 [background-preinit] INFO  o.h.validator.internal.util.Version - HV000001: Hibernate Validator 6.1.7.Final
2022-05-23_10-53-39 [restartedMain] INFO  c.p.p.d.PensionDisbursementMicroserviceApplication - Starting PensionDisbursementMicroserviceApplication using Java 15.0.2 on LAPTOP-99L8IUMB with PID 5728 (G:\Spring and Angular\pms-springboot-microservices\pms-pensiondisbursement-microservice\target\classes started by KRITHIGA in G:\Spring and Angular\pms-springboot-microservices\pms-pensiondisbursement-microservice)
2022-05-23_10-53-39 [restartedMain] INFO  c.p.p.d.PensionDisbursementMicroserviceApplication - No active profile set, falling back to default profiles: default
2022-05-23_10-53-39 [restartedMain] INFO  o.s.b.d.e.DevToolsPropertyDefaultsPostProcessor - Devtools property defaults active! Set 'spring.devtools.add-properties' to 'false' to disable
2022-05-23_10-53-39 [restartedMain] INFO  o.s.b.d.e.DevToolsPropertyDefaultsPostProcessor - For additional web related logging consider setting the 'logging.level.web' property to 'DEBUG'
2022-05-23_10-53-39 [restartedMain] INFO  o.s.cloud.context.scope.GenericScope - BeanFactory id=3508d6e1-f30f-3580-9168-a3cd562d95e8
2022-05-23_10-53-39 [restartedMain] INFO  o.s.c.s.PostProcessorRegistrationDelegate$BeanPostProcessorChecker - Bean 'com.pms.pension.disbursement.feignclient.AuthorisingClient' of type [org.springframework.cloud.openfeign.FeignClientFactoryBean] is not eligible for getting processed by all BeanPostProcessors (for example: not eligible for auto-proxying)
2022-05-23_10-53-39 [restartedMain] INFO  o.s.c.s.PostProcessorRegistrationDelegate$BeanPostProcessorChecker - Bean 'com.pms.pension.disbursement.feignclient.PensionDisbursementFeignClient' of type [org.springframework.cloud.openfeign.FeignClientFactoryBean] is not eligible for getting processed by all BeanPostProcessors (for example: not eligible for auto-proxying)
2022-05-23_10-53-39 [restartedMain] INFO  o.s.b.w.e.tomcat.TomcatWebServer - Tomcat initialized with port(s): 8300 (http)
2022-05-23_10-53-39 [restartedMain] INFO  o.a.coyote.http11.Http11NioProtocol - Initializing ProtocolHandler ["http-nio-8300"]
2022-05-23_10-53-39 [restartedMain] INFO  o.a.catalina.core.StandardService - Starting service [Tomcat]
2022-05-23_10-53-39 [restartedMain] INFO  o.a.catalina.core.StandardEngine - Starting Servlet engine: [Apache Tomcat/9.0.41]
2022-05-23_10-53-39 [restartedMain] INFO  o.a.c.c.C.[.[.[/disbursement] - Initializing Spring embedded WebApplicationContext
2022-05-23_10-53-39 [restartedMain] INFO  o.s.b.w.s.c.ServletWebServerApplicationContext - Root WebApplicationContext: initialization completed in 2834 ms
2022-05-23_10-53-39 [restartedMain] INFO  o.s.s.c.ThreadPoolTaskExecutor - Initializing ExecutorService 'applicationTaskExecutor'
2022-05-23_10-53-39 [restartedMain] INFO  o.s.b.a.e.web.EndpointLinksResolver - Exposing 2 endpoint(s) beneath base path '/actuator'
2022-05-23_10-53-39 [restartedMain] INFO  o.a.coyote.http11.Http11NioProtocol - Starting ProtocolHandler ["http-nio-8300"]
2022-05-23_10-53-39 [restartedMain] INFO  o.s.b.w.e.tomcat.TomcatWebServer - Tomcat started on port(s): 8300 (http) with context path '/disbursement'
2022-05-23_10-53-39 [restartedMain] INFO  c.p.p.d.PensionDisbursementMicroserviceApplication - Started PensionDisbursementMicroserviceApplication in 5.367 seconds (JVM running for 7.471)
2022-05-23_10-53-39 [http-nio-8300-exec-1] INFO  o.a.c.c.C.[.[.[/disbursement] - Initializing Spring DispatcherServlet 'dispatcherServlet'
2022-05-23_10-53-39 [http-nio-8300-exec-1] INFO  o.s.web.servlet.DispatcherServlet - Initializing Servlet 'dispatcherServlet'
2022-05-23_10-53-39 [http-nio-8300-exec-1] INFO  o.s.web.servlet.DispatcherServlet - Completed initialization in 3 ms
2022-05-23_10-53-39 [Thread-1] INFO  o.s.s.c.ThreadPoolTaskExecutor - Shutting down ExecutorService 'applicationTaskExecutor'
2022-05-23_11-29-10 [restartedMain] INFO  c.p.p.d.PensionDisbursementMicroserviceApplication - Starting PensionDisbursementMicroserviceApplication using Java 15.0.2 on LAPTOP-99L8IUMB with PID 5728 (G:\Spring and Angular\pms-springboot-microservices\pms-pensiondisbursement-microservice\target\classes started by KRITHIGA in G:\Spring and Angular\pms-springboot-microservices\pms-pensiondisbursement-microservice)
2022-05-23_11-29-10 [restartedMain] INFO  c.p.p.d.PensionDisbursementMicroserviceApplication - No active profile set, falling back to default profiles: default
2022-05-23_11-29-10 [restartedMain] INFO  o.s.cloud.context.scope.GenericScope - BeanFactory id=3508d6e1-f30f-3580-9168-a3cd562d95e8
2022-05-23_11-29-10 [restartedMain] INFO  o.s.c.s.PostProcessorRegistrationDelegate$BeanPostProcessorChecker - Bean 'com.pms.pension.disbursement.feignclient.AuthorisingClient' of type [org.springframework.cloud.openfeign.FeignClientFactoryBean] is not eligible for getting processed by all BeanPostProcessors (for example: not eligible for auto-proxying)
2022-05-23_11-29-10 [restartedMain] INFO  o.s.c.s.PostProcessorRegistrationDelegate$BeanPostProcessorChecker - Bean 'com.pms.pension.disbursement.feignclient.PensionDisbursementFeignClient' of type [org.springframework.cloud.openfeign.FeignClientFactoryBean] is not eligible for getting processed by all BeanPostProcessors (for example: not eligible for auto-proxying)
2022-05-23_11-29-10 [restartedMain] INFO  o.s.b.w.e.tomcat.TomcatWebServer - Tomcat initialized with port(s): 8300 (http)
2022-05-23_11-29-10 [restartedMain] INFO  o.a.coyote.http11.Http11NioProtocol - Initializing ProtocolHandler ["http-nio-8300"]
2022-05-23_11-29-10 [restartedMain] INFO  o.a.catalina.core.StandardService - Starting service [Tomcat]
2022-05-23_11-29-10 [restartedMain] INFO  o.a.catalina.core.StandardEngine - Starting Servlet engine: [Apache Tomcat/9.0.41]
2022-05-23_11-29-10 [restartedMain] INFO  o.a.c.c.C.[.[.[/disbursement] - Initializing Spring embedded WebApplicationContext
2022-05-23_11-29-10 [restartedMain] INFO  o.s.b.w.s.c.ServletWebServerApplicationContext - Root WebApplicationContext: initialization completed in 696 ms
2022-05-23_11-29-10 [restartedMain] INFO  o.s.s.c.ThreadPoolTaskExecutor - Initializing ExecutorService 'applicationTaskExecutor'
2022-05-23_11-29-10 [restartedMain] INFO  o.s.b.a.e.web.EndpointLinksResolver - Exposing 2 endpoint(s) beneath base path '/actuator'
2022-05-23_11-29-10 [restartedMain] INFO  o.a.coyote.http11.Http11NioProtocol - Starting ProtocolHandler ["http-nio-8300"]
2022-05-23_11-29-10 [restartedMain] INFO  o.s.b.w.e.tomcat.TomcatWebServer - Tomcat started on port(s): 8300 (http) with context path '/disbursement'
2022-05-23_11-29-10 [restartedMain] INFO  c.p.p.d.PensionDisbursementMicroserviceApplication - Started PensionDisbursementMicroserviceApplication in 1.633 seconds (JVM running for 2135.277)
2022-05-23_11-29-10 [restartedMain] INFO  o.s.b.d.a.ConditionEvaluationDeltaLoggingListener - Condition evaluation unchanged
2022-05-23_11-44-21 [background-preinit] INFO  o.h.validator.internal.util.Version - HV000001: Hibernate Validator 6.1.7.Final
2022-05-23_11-44-21 [restartedMain] INFO  c.p.p.d.PensionDisbursementMicroserviceApplication - Starting PensionDisbursementMicroserviceApplication using Java 15.0.2 on LAPTOP-99L8IUMB with PID 2856 (G:\Spring and Angular\pms-springboot-microservices\pms-pensiondisbursement-microservice\target\classes started by KRITHIGA in G:\Spring and Angular\pms-springboot-microservices\pms-pensiondisbursement-microservice)
2022-05-23_11-44-21 [restartedMain] INFO  c.p.p.d.PensionDisbursementMicroserviceApplication - No active profile set, falling back to default profiles: default
2022-05-23_11-44-21 [restartedMain] INFO  o.s.b.d.e.DevToolsPropertyDefaultsPostProcessor - Devtools property defaults active! Set 'spring.devtools.add-properties' to 'false' to disable
2022-05-23_11-44-21 [restartedMain] INFO  o.s.b.d.e.DevToolsPropertyDefaultsPostProcessor - For additional web related logging consider setting the 'logging.level.web' property to 'DEBUG'
2022-05-23_11-44-21 [restartedMain] INFO  o.s.cloud.context.scope.GenericScope - BeanFactory id=3508d6e1-f30f-3580-9168-a3cd562d95e8
2022-05-23_11-44-21 [restartedMain] INFO  o.s.c.s.PostProcessorRegistrationDelegate$BeanPostProcessorChecker - Bean 'com.pms.pension.disbursement.feignclient.AuthorisingClient' of type [org.springframework.cloud.openfeign.FeignClientFactoryBean] is not eligible for getting processed by all BeanPostProcessors (for example: not eligible for auto-proxying)
2022-05-23_11-44-21 [restartedMain] INFO  o.s.c.s.PostProcessorRegistrationDelegate$BeanPostProcessorChecker - Bean 'com.pms.pension.disbursement.feignclient.PensionDisbursementFeignClient' of type [org.springframework.cloud.openfeign.FeignClientFactoryBean] is not eligible for getting processed by all BeanPostProcessors (for example: not eligible for auto-proxying)
2022-05-23_11-44-21 [restartedMain] INFO  o.s.b.w.e.tomcat.TomcatWebServer - Tomcat initialized with port(s): 8300 (http)
2022-05-23_11-44-21 [restartedMain] INFO  o.a.coyote.http11.Http11NioProtocol - Initializing ProtocolHandler ["http-nio-8300"]
2022-05-23_11-44-21 [restartedMain] INFO  o.a.catalina.core.StandardService - Starting service [Tomcat]
2022-05-23_11-44-21 [restartedMain] INFO  o.a.catalina.core.StandardEngine - Starting Servlet engine: [Apache Tomcat/9.0.41]
2022-05-23_11-44-21 [restartedMain] INFO  o.a.c.c.C.[.[.[/disbursement] - Initializing Spring embedded WebApplicationContext
2022-05-23_11-44-21 [restartedMain] INFO  o.s.b.w.s.c.ServletWebServerApplicationContext - Root WebApplicationContext: initialization completed in 4729 ms
2022-05-23_11-44-21 [restartedMain] INFO  o.s.s.c.ThreadPoolTaskExecutor - Initializing ExecutorService 'applicationTaskExecutor'
2022-05-23_11-44-21 [restartedMain] INFO  o.s.b.a.e.web.EndpointLinksResolver - Exposing 2 endpoint(s) beneath base path '/actuator'
2022-05-23_11-44-21 [restartedMain] INFO  o.a.coyote.http11.Http11NioProtocol - Starting ProtocolHandler ["http-nio-8300"]
2022-05-23_11-44-21 [restartedMain] INFO  o.s.b.w.e.tomcat.TomcatWebServer - Tomcat started on port(s): 8300 (http) with context path '/disbursement'
2022-05-23_11-44-21 [restartedMain] INFO  c.p.p.d.PensionDisbursementMicroserviceApplication - Started PensionDisbursementMicroserviceApplication in 8.754 seconds (JVM running for 9.998)
2022-05-23_11-44-21 [http-nio-8300-exec-1] INFO  o.a.c.c.C.[.[.[/disbursement] - Initializing Spring DispatcherServlet 'dispatcherServlet'
2022-05-23_11-44-21 [http-nio-8300-exec-1] INFO  o.s.web.servlet.DispatcherServlet - Initializing Servlet 'dispatcherServlet'
2022-05-23_11-44-21 [http-nio-8300-exec-1] INFO  o.s.web.servlet.DispatcherServlet - Completed initialization in 3 ms
2022-05-23_11-47-11 [Thread-1] INFO  o.s.s.c.ThreadPoolTaskExecutor - Shutting down ExecutorService 'applicationTaskExecutor'
2022-05-23_11-47-11 [restartedMain] INFO  c.p.p.d.PensionDisbursementMicroserviceApplication - Starting PensionDisbursementMicroserviceApplication using Java 15.0.2 on LAPTOP-99L8IUMB with PID 2856 (G:\Spring and Angular\pms-springboot-microservices\pms-pensiondisbursement-microservice\target\classes started by KRITHIGA in G:\Spring and Angular\pms-springboot-microservices\pms-pensiondisbursement-microservice)
2022-05-23_11-47-11 [restartedMain] INFO  c.p.p.d.PensionDisbursementMicroserviceApplication - No active profile set, falling back to default profiles: default
2022-05-23_11-47-11 [restartedMain] INFO  o.s.cloud.context.scope.GenericScope - BeanFactory id=3508d6e1-f30f-3580-9168-a3cd562d95e8
2022-05-23_11-47-11 [restartedMain] INFO  o.s.c.s.PostProcessorRegistrationDelegate$BeanPostProcessorChecker - Bean 'com.pms.pension.disbursement.feignclient.AuthorisingClient' of type [org.springframework.cloud.openfeign.FeignClientFactoryBean] is not eligible for getting processed by all BeanPostProcessors (for example: not eligible for auto-proxying)
2022-05-23_11-47-11 [restartedMain] INFO  o.s.c.s.PostProcessorRegistrationDelegate$BeanPostProcessorChecker - Bean 'com.pms.pension.disbursement.feignclient.PensionDisbursementFeignClient' of type [org.springframework.cloud.openfeign.FeignClientFactoryBean] is not eligible for getting processed by all BeanPostProcessors (for example: not eligible for auto-proxying)
2022-05-23_11-47-11 [restartedMain] INFO  o.s.b.w.e.tomcat.TomcatWebServer - Tomcat initialized with port(s): 8300 (http)
2022-05-23_11-47-11 [restartedMain] INFO  o.a.coyote.http11.Http11NioProtocol - Initializing ProtocolHandler ["http-nio-8300"]
2022-05-23_11-47-11 [restartedMain] INFO  o.a.catalina.core.StandardService - Starting service [Tomcat]
2022-05-23_11-47-11 [restartedMain] INFO  o.a.catalina.core.StandardEngine - Starting Servlet engine: [Apache Tomcat/9.0.41]
2022-05-23_11-47-11 [restartedMain] INFO  o.a.c.c.C.[.[.[/disbursement] - Initializing Spring embedded WebApplicationContext
2022-05-23_11-47-11 [restartedMain] INFO  o.s.b.w.s.c.ServletWebServerApplicationContext - Root WebApplicationContext: initialization completed in 594 ms
2022-05-23_11-47-11 [restartedMain] INFO  o.s.s.c.ThreadPoolTaskExecutor - Initializing ExecutorService 'applicationTaskExecutor'
2022-05-23_11-47-11 [restartedMain] INFO  o.s.b.a.e.web.EndpointLinksResolver - Exposing 2 endpoint(s) beneath base path '/actuator'
2022-05-23_11-47-11 [restartedMain] INFO  o.a.coyote.http11.Http11NioProtocol - Starting ProtocolHandler ["http-nio-8300"]
2022-05-23_11-47-11 [restartedMain] INFO  o.s.b.w.e.tomcat.TomcatWebServer - Tomcat started on port(s): 8300 (http) with context path '/disbursement'
2022-05-23_11-47-11 [restartedMain] INFO  c.p.p.d.PensionDisbursementMicroserviceApplication - Started PensionDisbursementMicroserviceApplication in 1.496 seconds (JVM running for 174.087)
2022-05-23_11-47-11 [restartedMain] INFO  o.s.b.d.a.ConditionEvaluationDeltaLoggingListener - Condition evaluation unchanged
2022-05-23_11-47-11 [Thread-8] INFO  o.s.s.c.ThreadPoolTaskExecutor - Shutting down ExecutorService 'applicationTaskExecutor'
2022-05-23_11-47-14 [restartedMain] INFO  c.p.p.d.PensionDisbursementMicroserviceApplication - Starting PensionDisbursementMicroserviceApplication using Java 15.0.2 on LAPTOP-99L8IUMB with PID 2856 (G:\Spring and Angular\pms-springboot-microservices\pms-pensiondisbursement-microservice\target\classes started by KRITHIGA in G:\Spring and Angular\pms-springboot-microservices\pms-pensiondisbursement-microservice)
2022-05-23_11-47-14 [restartedMain] INFO  c.p.p.d.PensionDisbursementMicroserviceApplication - No active profile set, falling back to default profiles: default
2022-05-23_11-47-14 [restartedMain] INFO  o.s.cloud.context.scope.GenericScope - BeanFactory id=3508d6e1-f30f-3580-9168-a3cd562d95e8
2022-05-23_11-47-14 [restartedMain] INFO  o.s.c.s.PostProcessorRegistrationDelegate$BeanPostProcessorChecker - Bean 'com.pms.pension.disbursement.feignclient.AuthorisingClient' of type [org.springframework.cloud.openfeign.FeignClientFactoryBean] is not eligible for getting processed by all BeanPostProcessors (for example: not eligible for auto-proxying)
2022-05-23_11-47-14 [restartedMain] INFO  o.s.c.s.PostProcessorRegistrationDelegate$BeanPostProcessorChecker - Bean 'com.pms.pension.disbursement.feignclient.PensionDisbursementFeignClient' of type [org.springframework.cloud.openfeign.FeignClientFactoryBean] is not eligible for getting processed by all BeanPostProcessors (for example: not eligible for auto-proxying)
2022-05-23_11-47-14 [restartedMain] INFO  o.s.b.w.e.tomcat.TomcatWebServer - Tomcat initialized with port(s): 8300 (http)
2022-05-23_11-47-14 [restartedMain] INFO  o.a.coyote.http11.Http11NioProtocol - Initializing ProtocolHandler ["http-nio-8300"]
2022-05-23_11-47-14 [restartedMain] INFO  o.a.catalina.core.StandardService - Starting service [Tomcat]
2022-05-23_11-47-14 [restartedMain] INFO  o.a.catalina.core.StandardEngine - Starting Servlet engine: [Apache Tomcat/9.0.41]
2022-05-23_11-47-14 [restartedMain] INFO  o.a.c.c.C.[.[.[/disbursement] - Initializing Spring embedded WebApplicationContext
2022-05-23_11-47-14 [restartedMain] INFO  o.s.b.w.s.c.ServletWebServerApplicationContext - Root WebApplicationContext: initialization completed in 547 ms
2022-05-23_11-47-14 [restartedMain] INFO  o.s.s.c.ThreadPoolTaskExecutor - Initializing ExecutorService 'applicationTaskExecutor'
2022-05-23_11-47-14 [restartedMain] INFO  o.s.b.a.e.web.EndpointLinksResolver - Exposing 2 endpoint(s) beneath base path '/actuator'
2022-05-23_11-47-14 [restartedMain] INFO  o.a.coyote.http11.Http11NioProtocol - Starting ProtocolHandler ["http-nio-8300"]
2022-05-23_11-47-14 [restartedMain] INFO  o.s.b.w.e.tomcat.TomcatWebServer - Tomcat started on port(s): 8300 (http) with context path '/disbursement'
2022-05-23_11-47-14 [restartedMain] INFO  c.p.p.d.PensionDisbursementMicroserviceApplication - Started PensionDisbursementMicroserviceApplication in 1.424 seconds (JVM running for 176.755)
2022-05-23_11-47-14 [restartedMain] INFO  o.s.b.d.a.ConditionEvaluationDeltaLoggingListener - Condition evaluation unchanged
2022-05-23_11-47-14 [http-nio-8300-exec-1] INFO  o.a.c.c.C.[.[.[/disbursement] - Initializing Spring DispatcherServlet 'dispatcherServlet'
2022-05-23_11-47-14 [http-nio-8300-exec-1] INFO  o.s.web.servlet.DispatcherServlet - Initializing Servlet 'dispatcherServlet'
2022-05-23_11-47-14 [http-nio-8300-exec-1] INFO  o.s.web.servlet.DispatcherServlet - Completed initialization in 1 ms
2022-05-23_11-48-42 [background-preinit] INFO  o.h.validator.internal.util.Version - HV000001: Hibernate Validator 6.1.7.Final
2022-05-23_11-48-42 [restartedMain] INFO  c.p.p.d.PensionDisbursementMicroserviceApplication - Starting PensionDisbursementMicroserviceApplication using Java 15.0.2 on LAPTOP-99L8IUMB with PID 22296 (G:\Spring and Angular\pms-springboot-microservices\pms-pensiondisbursement-microservice\target\classes started by KRITHIGA in G:\Spring and Angular\pms-springboot-microservices\pms-pensiondisbursement-microservice)
2022-05-23_11-48-42 [restartedMain] INFO  c.p.p.d.PensionDisbursementMicroserviceApplication - No active profile set, falling back to default profiles: default
2022-05-23_11-48-42 [restartedMain] INFO  o.s.b.d.e.DevToolsPropertyDefaultsPostProcessor - Devtools property defaults active! Set 'spring.devtools.add-properties' to 'false' to disable
2022-05-23_11-48-42 [restartedMain] INFO  o.s.b.d.e.DevToolsPropertyDefaultsPostProcessor - For additional web related logging consider setting the 'logging.level.web' property to 'DEBUG'
2022-05-23_11-48-42 [restartedMain] INFO  o.s.cloud.context.scope.GenericScope - BeanFactory id=0b913200-32e0-3148-a6a3-e66a34a26a36
2022-05-23_11-48-42 [restartedMain] INFO  o.s.c.s.PostProcessorRegistrationDelegate$BeanPostProcessorChecker - Bean 'com.pms.pension.disbursement.feignclient.AuthorisingClient' of type [org.springframework.cloud.openfeign.FeignClientFactoryBean] is not eligible for getting processed by all BeanPostProcessors (for example: not eligible for auto-proxying)
2022-05-23_11-48-42 [restartedMain] INFO  o.s.c.s.PostProcessorRegistrationDelegate$BeanPostProcessorChecker - Bean 'com.pms.pension.disbursement.feignclient.PensionDisbursementFeignClient' of type [org.springframework.cloud.openfeign.FeignClientFactoryBean] is not eligible for getting processed by all BeanPostProcessors (for example: not eligible for auto-proxying)
2022-05-23_11-48-42 [restartedMain] INFO  o.s.b.w.e.tomcat.TomcatWebServer - Tomcat initialized with port(s): 8300 (http)
2022-05-23_11-48-42 [restartedMain] INFO  o.a.coyote.http11.Http11NioProtocol - Initializing ProtocolHandler ["http-nio-8300"]
2022-05-23_11-48-42 [restartedMain] INFO  o.a.catalina.core.StandardService - Starting service [Tomcat]
2022-05-23_11-48-42 [restartedMain] INFO  o.a.catalina.core.StandardEngine - Starting Servlet engine: [Apache Tomcat/9.0.41]
2022-05-23_11-48-42 [restartedMain] INFO  o.a.c.c.C.[.[.[/disbursement] - Initializing Spring embedded WebApplicationContext
2022-05-23_11-48-42 [restartedMain] INFO  o.s.b.w.s.c.ServletWebServerApplicationContext - Root WebApplicationContext: initialization completed in 2754 ms
2022-05-23_11-48-42 [restartedMain] INFO  o.s.s.c.ThreadPoolTaskExecutor - Initializing ExecutorService 'applicationTaskExecutor'
2022-05-23_11-48-42 [restartedMain] INFO  o.s.b.a.e.web.EndpointLinksResolver - Exposing 2 endpoint(s) beneath base path '/actuator'
2022-05-23_11-48-42 [restartedMain] INFO  o.a.coyote.http11.Http11NioProtocol - Starting ProtocolHandler ["http-nio-8300"]
2022-05-23_11-48-42 [restartedMain] INFO  o.s.b.w.e.tomcat.TomcatWebServer - Tomcat started on port(s): 8300 (http) with context path '/disbursement'
2022-05-23_11-48-42 [restartedMain] INFO  c.p.p.d.PensionDisbursementMicroserviceApplication - Started PensionDisbursementMicroserviceApplication in 6.215 seconds (JVM running for 7.512)
2022-05-23_11-48-42 [http-nio-8300-exec-1] INFO  o.a.c.c.C.[.[.[/disbursement] - Initializing Spring DispatcherServlet 'dispatcherServlet'
2022-05-23_11-48-42 [http-nio-8300-exec-1] INFO  o.s.web.servlet.DispatcherServlet - Initializing Servlet 'dispatcherServlet'
2022-05-23_11-48-42 [http-nio-8300-exec-1] INFO  o.s.web.servlet.DispatcherServlet - Completed initialization in 3 ms
2022-05-23_11-48-42 [http-nio-8300-exec-4] INFO  o.s.api.AbstractOpenApiResource - Init duration for springdoc-openapi is: 507 ms
